       -0.354817       -0.843931       -0.386141
         1.23118         1.19291        -2.09956
       -0.947353       -0.125885       -0.197878
       -0.761278       -0.617986        -0.66042
         1.90897         -1.3867      -0.0187979
        -0.04888         0.21836        -1.57129
        -2.10041        -1.54896       -0.422806
        0.601277       -0.840962       -0.826806
        0.825477        -0.31127       -0.956256
       -0.064557        0.212376          0.2757
        -1.36627       -0.589289       -0.204982
        0.581783        0.642883         1.36759
       0.0399446       -0.543646       0.0508802
       -0.498716       0.0467695         2.39149
       -0.910219          1.5392        0.104509
         2.10962       -0.300908      -0.0168118
        -1.22549        0.178886       -0.669964
        -1.08378         2.49057       -0.966757
       0.0446956       -0.651459        -1.30972
       -0.135192        -2.30434       0.0629572
        -0.38174         1.04962       0.0180271
        -1.18988        -1.30028       -0.207467
        0.615153        0.244492         0.52532
       -0.645048       -0.387479        0.306869
         2.07149       -0.163161        -0.59246
        0.603515        0.183506       -0.536286
       -0.792471         1.75924        -2.56147
        0.886273        0.253052       -0.363942
       -0.102614       -0.475131        0.659548
        -1.34847        0.773374        0.621941
         1.84818        -1.24447       -0.486712
        -0.50269        -2.49869        0.692178
       -0.915103        0.206597        0.165863
        0.595037       0.0725021       -0.236038
        -2.63682         0.64625       -0.945257
        0.840913       -0.693773       -0.376225
        0.333787       -0.849629        -1.06194
        0.510445        0.530454         0.93749
        0.960193        0.910147        0.375135
       -0.277964         1.27923       -0.425513
       -0.669201         1.23248        0.605929
        0.586861       -0.214456         -1.0506
        -1.41544      -0.0803969     -0.00748774
       0.0600048         1.23912         2.63309
         1.40321      -0.0900961       -0.702484
        -1.31646        0.275774         0.30597
       -0.579038        -1.70609      -0.0414062
       -0.421519        0.324364          0.6621
         1.73021        0.139557        0.257637
         1.03715        0.251869        0.316183
        -1.48239        0.261949        0.369174
       -0.561621        0.843038        0.319707
         2.22086       -0.975501        -1.98972
       -0.542198         1.83936         1.91134
        0.555104       -0.496947        0.559392
        0.340776        -1.31038      0.00574478
         0.28913        -0.78529        -1.92344
       -0.994274       -0.623438       -0.344604
        -1.84873        0.401852         2.01654
        -3.74786        -1.36539       -0.477179
        0.058942         -1.9763         1.05874
         1.43455        -2.55066       -0.121783
        0.658971        -0.41818        0.981569
        0.351404       -0.820829        0.815818
         1.28306        0.223801         2.61183
       -0.539527         1.59948         2.20716
      -0.0553984        0.414277          1.3988
         1.11834        0.207757        0.926997
       -0.242088         1.31475        0.486785
        0.287881        -1.71253       -0.285264
       -0.413431       0.0337793       -0.136464
        0.430381        -1.88345         1.43148
         3.72632       -0.666293       -0.192047
         1.62658       -0.849381         1.72489
        0.192184       -0.509005        0.678318
          0.8905        0.347105       -0.761563
       -0.543098       -0.921485       -0.508861
       -0.251956       -0.402992        -1.93854
        0.642167        0.519406         1.17567
        0.737291        0.647825       -0.733503
      -0.0434173        0.328173       -0.302322
        -2.44734     -0.00634972        0.382338
       -0.782428         1.69158       -0.812154
       -0.777903        0.381744        -2.63245
        0.169657        0.304279         1.15008
        0.264499       0.0878721        0.551405
       -0.570391         2.04351        0.129246
       0.0622814        -1.51035         -1.9204
       -0.454831         1.21934       -0.477671
       -0.286057         2.62559        0.762913
       -0.854739        -1.20737        -1.18104
       -0.349386         1.67868         1.22405
        0.252202      -0.0325056         0.39607
         1.78906       -0.126652         -1.4342
         1.31572          2.0602       -0.261032
       -0.588283         1.14451        0.458049
       -0.493255        -2.39838       -0.172872
         1.06448       -0.857502       0.0817258
        0.800914         1.91868         1.88891
        -2.18069       -0.415109        -2.31417
        -1.42055         1.11589       -0.270486
         1.94022       -0.197298         1.74198
        0.157432         1.10864          1.6055
        0.564276         0.64244       -0.633231
        0.116793        0.763699        0.133868
       -0.517603         1.14058        -1.65573
      -0.0927625        0.166803       -0.181072
       -0.993674        -2.18163       -0.957214
