        -0.44361         1.09977         1.25803
        0.804726         1.36524       -0.313453
       -0.137916        0.318762        0.524248
         0.64837       -0.897639        -1.26918
        -1.69052        0.481384       -0.568023
        0.043497        0.932962       -0.476689
         1.23605        0.146939         1.33574
       -0.116745        0.644929       -0.179491
        0.244062        -1.56075        0.189262
        -1.89925        0.717617       -0.899793
        -1.26368        -0.78105       0.0799671
       -0.427681       -0.572786        -1.76037
        0.252013        0.933053         1.82452
       -0.104268      0.00153932         0.37057
        0.365963       -0.460911       -0.240231
         -1.5842        -0.45371        0.623397
        0.606533        -1.51879       -0.972658
       -0.763396         1.18616        0.272888
       -0.606005         1.02273         -0.4745
        -1.65383       0.0216487         -1.2048
         1.03747      -0.0738525          1.0939
       -0.574591        -0.91319        -2.81411
       -0.936799         1.47474       -0.845631
       -0.015763        0.701612         1.03815
        0.382532       -0.599934       -0.358011
       0.0411008        -1.24826        0.172807
         1.61193       -0.929099       -0.371334
         1.29706       0.0394202        0.605109
       -0.892235        0.189521       -0.288754
        0.086995        -1.15724        0.992511
        -1.04046          1.4258         1.19699
       -0.732812         2.18316      -0.0610137
        0.636441          1.2937         1.17736
         0.48382       -0.511163        0.351923
       -0.964837        0.267969       -0.574097
        0.983259         -1.8858         1.59712
       -0.381986       -0.301315        -0.64898
         1.34754       -0.258243         1.11662
      -0.0947794       -0.859272        0.727179
        -0.36565       -0.445006      0.00102711
         1.27834        0.725571        -1.02334
       -0.264622       -0.166426        0.762494
        0.278801        0.251157         -1.5821
        0.108994        -1.18854         1.22778
        0.900208        0.769299        0.173354
        -1.01753        -1.26502        -1.11782
       -0.124685         -2.0237      -0.0408181
         0.57146        0.518897        0.527026
        0.120489        0.761053       -0.338686
      -0.0897619        -1.03447        -1.30997
        0.744906       -0.498071       -0.935187
       -0.495293        0.205396        0.111585
       -0.200634         0.28176      0.00858782
       -0.574315       -0.986628       -0.207801
       -0.771546        0.691999       -0.714274
        0.246961         1.49209        0.343614
        0.713445       -0.557247        -1.33518
        0.593083       0.0367007        0.899353
       -0.870747       -0.498694        0.621913
        0.509198        -0.37258        -1.10114
        -1.07155        0.580503        -0.92513
         1.45305       -0.592078        0.947409
         0.63516        0.826923       -0.108922
         1.89547        0.239505       -0.099161
      -0.0836268        0.986983       -0.833062
        0.879194        0.454258       -0.133858
        0.286933       -0.101246      -0.0864491
       -0.758224        0.812624        0.305344
        0.147493        0.241645        0.552477
        0.346972       -0.668141        0.170988
        0.113568         0.77141       -0.997467
        0.408784        0.542575       -0.938748
        -1.83247        0.251784        0.591868
        -0.17757        0.893228           2.154
         1.12709        -1.13673      -0.0197754
         1.27992        0.207076        -0.99999
        0.429429        -1.18552        -1.14131
        0.580953       -0.346364        0.201453
        0.918179        0.142419        0.114342
         1.82343       -0.468147        -0.66165
         -0.1698         -2.0835        0.845988
       -0.600658        -0.51973        0.712681
        -1.30615       -0.820583        -0.48043
        -1.16743        0.567627         1.39051
        0.785905        0.727298         1.30102
        0.473421       -0.574939       -0.208338
        0.365681        0.725786         1.23207
       -0.297785       -0.471958       0.0633441
        -1.02948        0.626104       -0.465001
         1.23917         1.70247      -0.0195333
       -0.927583         1.17019         1.35893
        0.318372       -0.139662        0.246434
       -0.741365       -0.590296        0.760807
          0.5622         1.21453       -0.999192
       0.0933045         1.91461       -0.276212
        0.531839        -2.38943        0.598804
         1.20102        -1.34154         -0.8393
      0.00867676        -0.69683         0.46577
        -1.56442       -0.204731        0.419142
       -0.169798         0.23868        0.186138
        0.156965       -0.128591       -0.174717
        -1.49632       -0.303251        0.427843
         1.07799        0.832767        -1.41761
         1.16485       -0.837341        0.436832
        -0.93309        0.289298        0.516124
       -0.622898        0.541202       -0.527639
       -0.614725         -0.1033       -0.937859
        -1.81518       0.0392392       0.0934555
