         2.73446        0.129938       0.0143128
       -0.443006       -0.127797         1.01968
        0.132554         1.69006       -0.111879
        -0.76553        0.672485        0.372991
        -3.44685        0.471024        -1.81632
        0.342734        -2.28966         1.71598
         1.15138        0.133659         -2.2615
        0.614826        0.294499        0.351242
        0.640366       -0.504628        0.498911
        0.658461         2.41596        0.386215
        0.835925       0.0638876       -0.655715
       -0.380325        -1.34285       -0.145166
        -1.63361       -0.402621        -2.12328
       -0.730979         1.24516         1.68132
       -0.509653      -0.0138372        0.420399
       -0.250049       -0.576818        -1.09375
         1.00999       -0.325821         1.31824
       -0.176868         2.44494        0.819377
        0.144157        0.189205       -0.283382
         -1.1326        0.794219       -0.150849
        0.468432       -0.840511        0.890059
         1.09748        0.205518       0.0168471
        0.259901       -0.106218       -0.198397
         2.77223        -1.00192        -1.30673
       -0.785533         3.35628       0.0738112
       0.0320122        0.115754       -0.690616
        -0.48401       0.0474439      -0.0757671
        0.430889         -1.8114         1.07998
         1.31392        0.308801        -1.08082
        -1.22272        -1.42495        0.825791
        -1.08565         1.67472        0.300647
        0.605827         1.29806        0.332868
       -0.818701       0.0940661         2.09294
        -1.92858       -0.401255       -0.951004
        0.526951        0.393794      -0.0822822
         0.13906       -0.090999       -0.547642
        -2.47266        0.219611        0.472521
       -0.323979        0.264791       -0.139024
       0.0386336       -0.580477        -0.36431
       -0.943538        0.513093       -0.447611
         1.83821         1.75874        0.698786
        0.296179        0.848421        -1.96955
       -0.404052        -1.15105         -2.0559
        0.109203        -1.00341         0.48751
       -0.822741        -3.19673         1.28368
       -0.682564       -0.467523       0.0546797
        -1.68124       -0.771863         1.50266
        -1.37217         1.60639         1.04597
        -1.00537       -0.599147        0.472646
       -0.931848        0.928728        -1.00962
        0.587477        -1.63887       -0.660328
         1.70837        0.977274       -0.441115
        0.979233        0.111283       -0.583966
        0.824843        -1.10544       -0.597642
         1.41654       -0.509591         0.52117
         -1.7969       -0.921875        -1.67382
        -1.76249         1.50673        0.535505
        -0.99243        0.909417       -0.874049
       -0.433365        0.665728         0.54586
       -0.219682         2.59339         1.19396
       -0.415128      -0.0152826       -0.438717
         1.24548       -0.770167        0.830429
       -0.202152        0.333284         2.60231
         1.91679        0.177804      -0.0421715
       -0.713435       0.0729357          1.1818
        0.851308       -0.572414       -0.200089
         1.90241      -0.0818761       -0.271418
       -0.275201       -0.177923        0.874715
         1.42503       -0.544394       -0.623325
        -1.26911       -0.591528         1.04451
       0.0418589         1.08514       -0.995701
        0.673914       -0.022357      -0.0850334
       -0.170564       -0.510561       -0.635316
        -1.33221       -0.986143        -1.15503
        0.674632         1.12435         1.10437
       -0.746892        -1.92475         1.85612
        -1.59441         1.93358       -0.485825
         2.67106       0.0730139       -0.695699
       -0.473326        -1.80654       -0.768893
        0.586475         0.91199        0.638601
         1.07783      -0.0181621       -0.255213
        0.700626       -0.807732        -1.42836
        0.336515       -0.313633        -1.78762
        0.390953         0.25031        0.460607
        -2.98315         1.06273        0.102216
         0.84537        -2.00988        0.446818
       -0.630499        0.446967       -0.387798
       -0.958926          0.2645        0.716095
        0.102664        -2.11652        0.503448
       -0.470376       -0.649433       -0.630719
        0.578833        -1.59952       -0.134534
        -1.05892        -1.69371        0.133764
         1.45697        0.271397       -0.556591
       -0.523013        0.639638       -0.580955
         1.09553         0.15072       -0.264957
        0.681217        0.131969       -0.576013
       -0.186158       -0.153549        0.758816
        0.929085        -1.60123       -0.140684
        0.999209        0.898058        -1.98765
        0.880612       -0.447647       -0.764255
        -1.80562        -0.18381       -0.399751
        -1.00549        0.742658     -0.00116073
       -0.740806        0.393516        -2.32708
         1.41677      -0.0270586        0.132223
         0.71135       -0.768781         2.50313
        0.829299        0.351331        0.705461
        0.137654        0.735584         1.05067
        0.325408        0.607338         2.33993
