       -0.178203          0.7335        0.194417
      -0.0808159        -1.51061        0.400531
        0.291433        0.165973        0.959016
         1.31925         1.15011        0.625675
        0.708894        -2.10688        0.381022
       -0.388269        -0.35787      -0.0115344
        -0.15708       -0.750985        0.302536
        -0.60252        0.272686       0.0671942
       -0.218855         1.45443       -0.423048
        -0.38303        0.635524        -1.37442
       -0.967486     -0.00879166       -0.365828
        -1.22509       -0.377784        -1.51378
       -0.138935        -1.05374        0.995409
       -0.292277        0.830893        -1.09841
       -0.621976         1.68362        -1.73081
        0.386919       -0.944132      -0.0936849
       0.0146415         1.06796        -0.28771
        0.406191        0.421829        0.823481
        0.688701        0.233552        -1.69548
        0.828453      -0.0152905         0.42842
      -0.0180659        0.607862        0.747705
       -0.994931         1.07009         -0.1275
       -0.148287        -1.60959        0.611355
        0.599033         1.57169       -0.492607
       -0.139932        0.512476        0.144618
        0.159847       -0.669195      -0.0114886
       -0.863169        0.137264       -0.837381
       -0.135022       -0.754652        0.554532
       -0.178843        0.426582       -0.945776
       -0.759215       -0.119612       -0.829559
       -0.226388        0.788139        0.635415
       -0.127817         1.35736        -1.02904
       -0.752433        0.571211        0.332705
       -0.584964       -0.291313       -0.522646
         1.25464        -0.31861        -0.95736
        0.385946        0.432356         3.20738
        0.444605        -1.02306        0.232536
       -0.354653        -1.30632       0.0886726
       -0.532695       -0.228498        -1.40219
        -1.08924       -0.473902       -0.987185
       -0.161844       -0.340271         1.19273
        -1.18625       0.0176589         1.29378
      -0.0576224       -0.198204         -1.2453
       -0.812024      -0.0572411         1.17543
        -1.56483        -1.05223        0.504107
        0.493021        0.546349        -1.31279
        0.351509        0.467539       -0.466473
       -0.844852       -0.137661       -0.178628
        -0.74589        0.196015          1.1094
       0.0867352        -1.12862        0.710109
          1.8875       -0.503136        0.434653
       0.0760842       -0.915586        0.852297
        0.824311        0.719229        0.822374
       -0.373951       -0.445266       -0.751657
       -0.418078      -0.0701564       -0.891619
        0.946973         1.00989        0.673671
        0.346936        0.136141       -0.411753
       -0.929789        0.264995       -0.995897
        0.912754        -1.25667        0.921775
      -0.0612756        0.105249       0.0800331
        0.939001        0.100268        -1.70789
      -0.0146828       -0.735579         0.68826
       -0.344594         1.24711         1.48684
        0.166676        -1.85797        0.279236
       -0.217741        -1.09478         1.33009
       -0.185853        -0.97122       -0.839213
       -0.139637       -0.433031       -0.163193
       -0.851053        0.327364        0.934642
        0.847083        0.993975       -0.214384
         1.12581       0.0742856        -1.43267
       -0.394952       -0.801204      -0.0878818
       -0.104285        -1.08899         1.22554
         1.96669        -1.50398        0.453439
       -0.270923        -0.82076       -0.168982
        0.611594       0.0398367       -0.696678
       -0.317091       -0.150264     -0.00760774
       0.0634485         1.20977          1.9314
       0.0531317         0.37318        0.475665
        0.581311       -0.878703        0.611418
        0.832941        0.668845       -0.565067
        0.398794         1.51941        0.903422
          -1.567      -0.0261221        0.340343
        0.385935         0.41251        -1.21981
       -0.218692       -0.607016        -0.38173
         1.26737         1.95375        0.187448
         1.52957         1.07165       -0.360044
        -1.28043      -0.0737406       0.0139046
        0.114443      -0.0562556        0.656761
       0.0996611        -1.75706         1.78709
       -0.478647       -0.940326       0.0187861
       -0.878218        0.497936        -1.10048
       -0.383644        0.988507        0.349066
        0.592853         1.87937       -0.571978
        0.429548         1.80275        0.324113
         1.09415         -1.2565        -1.26958
        0.529444        0.666289        0.132222
          1.4812        0.989866      -0.0710267
         1.15219      -0.0408695       -0.407379
       -0.688165         0.52313       -0.476659
       -0.837618        0.142162       -0.228861
       -0.776073     -0.00506253       -0.854502
        0.331911       -0.735417         0.18025
       -0.721965       -0.789646        -1.33019
        -1.02335      -0.0696906         1.34571
         1.58652        -1.28082       -0.124408
       -0.123944        0.725449        0.494383
       0.0768101         0.35712       -0.325039
       -0.537319        -0.15183      -0.0561751
