        0.883426       -0.751599           1.573
         3.94985         3.40702       -0.328109
        0.205217        0.767257         1.67958
       -0.647068        -1.25515        -1.27496
       -0.267395         1.10364        0.212445
        0.560524         2.01893        0.725543
       -0.291255        -1.88628        0.313133
       -0.598417        0.381888       -0.788862
        0.808393        0.615949         0.42123
        -1.41024       -0.130362        0.742181
       -0.709345         1.69518        -2.04637
       -0.836803       -0.899078        -1.91201
         1.42522      -0.0707301        -1.30335
        -1.50607       -0.110899        -1.35969
       -0.613826         0.55482       -0.167583
         -1.3935        0.607745         1.10185
        0.254769        0.201064       -0.903171
        0.193202       -0.941954       -0.321769
        0.949039        -1.34707        -1.02065
       -0.926016       -0.787117         1.34327
        0.195941        -0.55736        -1.67471
        -2.59446        0.682108       -0.634833
        0.427801        0.520737        -1.32244
       0.0681858        0.461356         1.83106
       -0.811229        0.366585        -1.22669
         1.05113       -0.382023         1.22904
       -0.636228         1.73024        0.526873
         1.94979       -0.693105        0.798532
        0.851337       -0.232397          1.4639
        -3.39462       -0.423923        -1.46221
        -1.62773         0.27496        0.621411
       0.0778077       -0.724939         1.00799
         1.15889       -0.934368      -0.0377434
        -1.79447        0.468956        0.783623
       -0.882087        -1.33351        -1.00843
        0.853523        0.119466         0.12585
       -0.253403        0.604331       -0.767822
       0.0607014       -0.173614         1.82485
        0.834517         2.45246       -0.748227
       0.0602741         -1.9023       -0.423031
       -0.418294       -0.510087        -1.10226
       -0.863006         1.38869        0.620721
        0.146516        0.708208        0.604709
        -0.51121         1.87158        0.285948
        0.993085       -0.915613         2.32725
        0.769719       -0.435805       -0.843185
       -0.215895        0.312566         2.74797
        -4.34819         -1.0176         1.11971
       -0.592947        0.474198        -1.15392
        -1.55779        -1.26107       0.0493005
       -0.486494        0.871978       0.0443061
       -0.728266       -0.587395        0.927331
      -0.0593226        -1.33264      -0.0166487
        0.964067        -1.10259        -1.74711
         1.01885       -0.440918        0.443307
      -0.0294254        0.918885       -0.529741
       0.0090877        0.687684        0.252434
        0.398872      -0.0741012         1.33282
       -0.101668        0.165335          0.1387
       -0.611267       -0.603703       -0.899446
        0.591769       -0.572372         2.02258
        0.110651        0.262828        -1.48862
       -0.310178        0.641808       0.0614307
        0.095165        0.927324        -1.44974
        0.917276       -0.767862       -0.530406
        0.317523        -1.12177         -1.4352
        0.508874        0.807576        0.726982
        0.627722      -0.0091887        0.496188
        -1.84082        0.448536         1.01013
        -1.54929        -1.19044        0.227769
         1.25681        -2.81888        -1.54765
        -1.68087        0.908395       -0.365501
         1.97616         1.37636          1.6616
        -1.30119       -0.586562       -0.182277
        0.361054        0.125537       -0.423302
       -0.419918        -1.10826         1.76635
        0.217988       -0.386806        -0.66503
        0.326207       0.0193152        -1.66103
         0.12927         2.25771       -0.364549
       -0.105645        0.451863        0.882143
       0.0639576        -0.46969        0.686826
        0.290577        0.779822       -0.292533
       -0.249958       -0.374742        0.267832
       -0.639191        -1.42922        0.994537
       -0.898228      -0.0509753         1.12006
        -0.39538        0.611231        -1.40313
         1.50441       0.0529084       -0.725184
         -1.0247        -1.80842        -1.23233
        0.554017        -1.17099        0.656661
        -1.00786         0.84068        -1.33586
        0.140216       -0.683381        0.647867
        0.720224       -0.331068       -0.728291
        0.763817         0.14681       -0.314053
        0.267781        -1.42093        -1.18103
         1.48928        0.757968         2.39285
        -0.50305       -0.828577      -0.0794629
         1.08718        0.978632        -0.53661
         1.92583       -0.424181    -0.000588766
       -0.332491         1.19411        0.156109
        0.729774       -0.112257     -0.00591463
        -1.43542         1.61635        0.186975
        0.265524       -0.963552         -0.7806
        0.596565        -0.93048         3.13797
        0.924434         1.40086       0.0715771
         1.00356        0.377384        -1.75742
        0.854751       -0.790794         1.57161
         1.44756        0.954597        -2.01326
         2.22648       -0.201762       -0.441379
