       -0.290096        0.248501       -0.556585
       -0.154518       -0.606945        0.107381
        0.847797         1.20214       -0.685566
        0.789539       -0.696609        -1.69134
        0.562695       -0.875278         1.05881
       -0.955215        0.648692         1.60813
        0.318591        0.501571        0.239229
        -1.26464        -1.44511        -1.10882
        -1.34901        0.240432        -0.46462
       -0.104341        -1.55242        0.964106
        -1.97269       -0.526004        0.978319
        0.794835        -1.50549       -0.626242
         1.10077        0.545402       -0.328492
       -0.496038        0.478995         1.38127
         1.35558         1.16724       -0.818554
       -0.778129        -1.15459        0.271532
         1.63669         1.62527       -0.286635
       -0.155853      -0.0744509        0.975282
       -0.601566        0.552034        0.169734
        -1.21053         1.22795       -0.692932
         1.17022        -1.24979         0.75544
          1.0593       -0.368759        0.351756
       -0.109449        -1.46027        -1.34412
          1.8319        0.185124         -1.6479
        0.812614        -1.60207         1.06001
         -1.9864       -0.321739       -0.330187
         1.34959       -0.276405        -1.57005
        0.743283       -0.860362        0.607102
        -1.11696       -0.428812         1.67101
       -0.869436        -0.45027       -0.658064
       -0.344088         1.80442        -1.05496
       -0.404241         1.22558       -0.217264
       -0.385755       0.0415383        -1.24178
       -0.797115       0.0204116        -1.03092
       0.0504322        -2.08027          1.6623
       -0.794543        0.671087         2.44512
          1.6942        -2.53636        -1.37661
       -0.090665       -0.318038         2.37928
        -1.04991       -0.453174        0.680729
        0.394733         -0.4024          2.1884
        -1.30216       -0.920527       -0.469563
       -0.220587        0.337104       -0.617163
        -1.04805       -0.261427         1.77094
       -0.381414       -0.613822      -0.0540587
        0.888961        -1.39001       -0.643878
       -0.604621        0.391383        0.940491
          2.4127       -0.245294       -0.175185
         1.17854        -1.39802       -0.121884
        0.458864         1.73142       -0.393346
        0.440993        -1.81379         -1.3724
       -0.072775       -0.561264        -0.20308
       -0.570396        0.262901       -0.176221
        -1.39271        0.982653         1.89444
       -0.524356       -0.127941        0.229358
       -0.568675        0.828765        0.265661
         1.03866        -1.89775         1.80328
        -1.32982      -0.0383206       -0.823002
       -0.262816         2.68343       -0.838043
        0.281016         1.23019        -1.54336
      -0.0408974       -0.159829       -0.444521
      0.00224178         1.29967       -0.755889
      -0.0573619       0.0650744        -1.24025
         1.31864        -1.24215         0.96068
       -0.381721       -0.983945       -0.097782
        0.840525         0.28355        0.553936
        0.115264         2.10798        -1.14183
        -1.20044        -1.03587        -2.76693
        -1.14162       -0.556502      -0.0307305
        -1.56349         1.50492        0.324145
       -0.283744       -0.751133       -0.711244
       -0.897182      0.00451228        0.719737
        -1.06487        0.783334        0.837474
        -1.67126         2.04441         1.17104
        -0.54255        0.100326       -0.143528
       -0.734331          1.9125       -0.500726
        -1.04968         1.90127         1.61813
       -0.930183         -0.8182        0.922557
      -0.0967293         2.31209        0.394206
         2.05319        0.975045       -0.576296
        0.310877        0.770173        -1.60978
       -0.465299        -1.02605       -0.308581
         1.64771         0.16709         1.24859
        0.533998         1.12341       -0.121564
       -0.182076        0.204191       -0.351693
         1.53782        0.176458       -0.624778
       -0.639582       -0.355126        0.157428
         2.03082       -0.155104         1.31162
        -1.76239        0.348996        -1.32302
        0.236185      -0.0579871       -0.600555
        0.225545        0.116542        0.497748
        -1.11607       -0.296315        0.808633
        0.773226       -0.316709         1.13066
       -0.291063       -0.453577       -0.311539
          1.4397        0.860763       0.0723698
         0.95592        0.341322       -0.679337
         1.71521        0.833025       -0.946634
        0.498104         1.66235         1.51867
        -1.55317        0.149272         1.09901
         1.45249        -2.29555       -0.839174
          1.5776         1.74626       -0.137734
        0.712652        0.695975        0.118561
        0.641968        -1.15484        0.182868
        -1.75494       -0.711074       -0.527114
        0.569762      -0.0670429       -0.746431
       0.0986583       -0.191409        0.119873
         1.59176        -2.91385        0.708367
       -0.879785       -0.298508       -0.373499
       -0.232395         1.02983        -1.86142
